<?xml version="1.0" encoding="UTF-8"?>
<testng-results skipped="0" failed="0" total="1" passed="1">
  <reporter-output>
  </reporter-output>
  <suite name="Default suite" duration-ms="38614" started-at="2019-02-06T06:21:16Z" finished-at="2019-02-06T06:21:55Z">
    <groups>
    </groups>
    <test name="Default test" duration-ms="38614" started-at="2019-02-06T06:21:16Z" finished-at="2019-02-06T06:21:55Z">
      <class name="actionKeyword.ActionsKeyword">
        <test-method status="PASS" signature="init()[pri:0, instance:actionKeyword.ActionsKeyword@6a41eaa2]" name="init" is-config="true" duration-ms="10" started-at="2019-02-06T11:51:16Z" finished-at="2019-02-06T11:51:16Z">
          <reporter-output>
          </reporter-output>
        </test-method> <!-- init -->
        <test-method status="PASS" signature="setUp(java.lang.String)[pri:0, instance:actionKeyword.ActionsKeyword@6a41eaa2]" name="setUp" is-config="true" duration-ms="5982" started-at="2019-02-06T11:51:16Z" finished-at="2019-02-06T11:51:22Z">
          <params>
            <param index="0">
              <value>
                <![CDATA[CHROME]]>
              </value>
            </param>
          </params>
          <reporter-output>
          </reporter-output>
        </test-method> <!-- setUp -->
        <test-method status="PASS" signature="login()[pri:0, instance:actionKeyword.ActionsKeyword@6a41eaa2]" name="login" duration-ms="32594" started-at="2019-02-06T11:51:22Z" finished-at="2019-02-06T11:51:55Z">
          <reporter-output>
          </reporter-output>
        </test-method> <!-- login -->
      </class> <!-- actionKeyword.ActionsKeyword -->
    </test> <!-- Default test -->
  </suite> <!-- Default suite -->
</testng-results>
